<?xml version="1.0" encoding="UTF-8"?>
<!-- Generated by org.testng.reporters.JUnitXMLReporter -->
<testsuite ignored="0" hostname="Islam" failures="2" tests="2" name="Test" time="0.637" errors="0" timestamp="2026-05-03T13:10:04 IST">
  <testcase classname="com.demoqa.test.UserLoginTest" name="loginTest" time="0.561">
    <failure type="org.testng.internal.reflect.MethodMatcherException" message="
[public void com.demoqa.test.UserLoginTest.loginTest(java.lang.String,java.lang.String) throws java.io.IOException] has no parameters defined but was found to be using a data provider (either explicitly specified or inherited from class level annotation).
Data provider mismatch
Method: loginTest([java.lang.String arg0, java.lang.String arg1])
Arguments: [(java.lang.String) testuser,(java.lang.String) Password@123,(java.lang.String) ]">
      <![CDATA[org.testng.internal.reflect.MethodMatcherException: 
[public void com.demoqa.test.UserLoginTest.loginTest(java.lang.String,java.lang.String) throws java.io.IOException] has no parameters defined but was found to be using a data provider (either explicitly specified or inherited from class level annotation).
Data provider mismatch
Method: loginTest([java.lang.String arg0, java.lang.String arg1])
Arguments: [(java.lang.String) testuser,(java.lang.String) Password@123,(java.lang.String) ]
at java.base/java.util.ArrayList.forEach(ArrayList.java:1596)
... Removed 22 stack frames]]>
    </failure>
  </testcase> <!-- loginTest -->
  <testcase classname="com.demoqa.test.UserLoginTest" name="registerTest" time="0.035">
    <failure type="org.testng.internal.reflect.MethodMatcherException" message="
[public void com.demoqa.test.UserLoginTest.registerTest(java.lang.String,java.lang.String,java.lang.String,java.lang.String) throws java.io.IOException] has no parameters defined but was found to be using a data provider (either explicitly specified or inherited from class level annotation).
Data provider mismatch
Method: registerTest([java.lang.String arg0, java.lang.String arg1, java.lang.String arg2, java.lang.String arg3])
Arguments: [(java.lang.Integer) 1,(java.lang.String) Aleem,(java.lang.String) Khan,(java.lang.String) Aleem,(java.lang.String) aleem@123]">
      <![CDATA[org.testng.internal.reflect.MethodMatcherException: 
[public void com.demoqa.test.UserLoginTest.registerTest(java.lang.String,java.lang.String,java.lang.String,java.lang.String) throws java.io.IOException] has no parameters defined but was found to be using a data provider (either explicitly specified or inherited from class level annotation).
Data provider mismatch
Method: registerTest([java.lang.String arg0, java.lang.String arg1, java.lang.String arg2, java.lang.String arg3])
Arguments: [(java.lang.Integer) 1,(java.lang.String) Aleem,(java.lang.String) Khan,(java.lang.String) Aleem,(java.lang.String) aleem@123]
at java.base/java.util.ArrayList.forEach(ArrayList.java:1596)
... Removed 22 stack frames]]>
    </failure>
  </testcase> <!-- registerTest -->
</testsuite> <!-- Test -->
