<?xml version="1.0" encoding="UTF-8"?>
<testng-results ignored="0" total="1" passed="1" failed="0" skipped="0">
  <reporter-output>
  </reporter-output>
  <suite started-at="2026-04-29T17:53:24 IST" name="Suite" finished-at="2026-04-29T17:53:32 IST" duration-ms="7436">
    <groups>
    </groups>
    <test started-at="2026-04-29T17:53:24 IST" name="Test" finished-at="2026-04-29T17:53:32 IST" duration-ms="7436">
      <class name="com.demoqa.test.UserLoginTest">
        <test-method is-config="true" signature="setUp()[pri:0, instance:com.demoqa.test.UserLoginTest@1df8da7a]" started-at="2026-04-29T17:53:24 IST" name="setUp" finished-at="2026-04-29T17:53:30 IST" duration-ms="5854" status="PASS">
          <reporter-output>
          </reporter-output>
        </test-method> <!-- setUp -->
        <test-method signature="loginTest()[pri:0, instance:com.demoqa.test.UserLoginTest@1df8da7a]" started-at="2026-04-29T17:53:30 IST" name="loginTest" finished-at="2026-04-29T17:53:31 IST" duration-ms="1358" status="PASS">
          <reporter-output>
          </reporter-output>
        </test-method> <!-- loginTest -->
        <test-method is-config="true" signature="tearDown()[pri:0, instance:com.demoqa.test.UserLoginTest@1df8da7a]" started-at="2026-04-29T17:53:31 IST" name="tearDown" finished-at="2026-04-29T17:53:32 IST" duration-ms="178" status="PASS">
          <reporter-output>
          </reporter-output>
        </test-method> <!-- tearDown -->
      </class> <!-- com.demoqa.test.UserLoginTest -->
    </test> <!-- Test -->
  </suite> <!-- Suite -->
</testng-results>
